<?xml version="1.0" encoding="UTF-8"?>
<testng-results skipped="0" failed="0" ignored="0" total="1" passed="1">
  <reporter-output>
  </reporter-output>
  <suite name="grm.qa.AppTest" duration-ms="25" started-at="2018-10-10T20:07:02Z" finished-at="2018-10-10T20:07:02Z">
    <groups>
    </groups>
    <test name="Command line test" duration-ms="25" started-at="2018-10-10T20:07:02Z" finished-at="2018-10-10T20:07:02Z">
      <class name="grm.qa.AppTest">
        <test-method status="PASS" signature="test()[pri:0, instance:grm.qa.AppTest@da1055]" name="test" duration-ms="5" started-at="2018-10-10T20:07:02Z" finished-at="2018-10-10T20:07:02Z">
          <reporter-output>
          </reporter-output>
        </test-method> <!-- test -->
      </class> <!-- grm.qa.AppTest -->
    </test> <!-- Command line test -->
  </suite> <!-- grm.qa.AppTest -->
</testng-results>
